[debug] [2025-05-21T12:36:26.517Z] ----------------------------------------------------------------------
[debug] [2025-05-21T12:36:26.518Z] Command:       /Users/tsuchiyashougo/.nvm/versions/node/v20.19.2/bin/node /opt/homebrew/bin/firebase deploy --only functions
[debug] [2025-05-21T12:36:26.518Z] CLI Version:   14.4.0
[debug] [2025-05-21T12:36:26.518Z] Platform:      darwin
[debug] [2025-05-21T12:36:26.518Z] Node Version:  v20.19.2
[debug] [2025-05-21T12:36:26.518Z] Time:          Wed May 21 2025 21:36:26 GMT+0900 (日本標準時)
[debug] [2025-05-21T12:36:26.518Z] ----------------------------------------------------------------------
[debug] 
[debug] [2025-05-21T12:36:26.589Z] > command requires scopes: ["email","openid","https://www.googleapis.com/auth/cloudplatformprojects.readonly","https://www.googleapis.com/auth/firebase","https://www.googleapis.com/auth/cloud-platform"]
[debug] [2025-05-21T12:36:26.589Z] > authorizing via signed-in user (itsup2w3f02@gmail.com)
[debug] [2025-05-21T12:36:26.589Z] [iam] checking project question-support for permissions ["cloudfunctions.functions.create","cloudfunctions.functions.delete","cloudfunctions.functions.get","cloudfunctions.functions.list","cloudfunctions.functions.update","cloudfunctions.operations.get","firebase.projects.get"]
[debug] [2025-05-21T12:36:26.589Z] Checked if tokens are valid: true, expires at: 1747834114637
[debug] [2025-05-21T12:36:26.590Z] Checked if tokens are valid: true, expires at: 1747834114637
[debug] [2025-05-21T12:36:26.590Z] >>> [apiv2][query] POST https://cloudresourcemanager.googleapis.com/v1/projects/question-support:testIamPermissions [none]
[debug] [2025-05-21T12:36:26.590Z] >>> [apiv2][(partial)header] POST https://cloudresourcemanager.googleapis.com/v1/projects/question-support:testIamPermissions x-goog-quota-user=projects/question-support
[debug] [2025-05-21T12:36:26.590Z] >>> [apiv2][body] POST https://cloudresourcemanager.googleapis.com/v1/projects/question-support:testIamPermissions {"permissions":["cloudfunctions.functions.create","cloudfunctions.functions.delete","cloudfunctions.functions.get","cloudfunctions.functions.list","cloudfunctions.functions.update","cloudfunctions.operations.get","firebase.projects.get"]}
[debug] [2025-05-21T12:36:27.330Z] <<< [apiv2][status] POST https://cloudresourcemanager.googleapis.com/v1/projects/question-support:testIamPermissions 200
[debug] [2025-05-21T12:36:27.330Z] <<< [apiv2][body] POST https://cloudresourcemanager.googleapis.com/v1/projects/question-support:testIamPermissions {"permissions":["cloudfunctions.functions.create","cloudfunctions.functions.delete","cloudfunctions.functions.get","cloudfunctions.functions.list","cloudfunctions.functions.update","cloudfunctions.operations.get","firebase.projects.get"]}
[debug] [2025-05-21T12:36:27.331Z] Checked if tokens are valid: true, expires at: 1747834114637
[debug] [2025-05-21T12:36:27.331Z] Checked if tokens are valid: true, expires at: 1747834114637
[debug] [2025-05-21T12:36:27.331Z] >>> [apiv2][query] POST https://iam.googleapis.com/v1/projects/question-support/serviceAccounts/question-support@appspot.gserviceaccount.com:testIamPermissions [none]
[debug] [2025-05-21T12:36:27.331Z] >>> [apiv2][body] POST https://iam.googleapis.com/v1/projects/question-support/serviceAccounts/question-support@appspot.gserviceaccount.com:testIamPermissions {"permissions":["iam.serviceAccounts.actAs"]}
[debug] [2025-05-21T12:36:28.355Z] <<< [apiv2][status] POST https://iam.googleapis.com/v1/projects/question-support/serviceAccounts/question-support@appspot.gserviceaccount.com:testIamPermissions 200
[debug] [2025-05-21T12:36:28.355Z] <<< [apiv2][body] POST https://iam.googleapis.com/v1/projects/question-support/serviceAccounts/question-support@appspot.gserviceaccount.com:testIamPermissions {"permissions":["iam.serviceAccounts.actAs"]}
[info] 
[info] === Deploying to 'question-support'...
[info] 
[info] i  deploying functions 
[debug] [2025-05-21T12:36:28.359Z] Checked if tokens are valid: true, expires at: 1747834114637
[debug] [2025-05-21T12:36:28.359Z] Checked if tokens are valid: true, expires at: 1747834114637
[debug] [2025-05-21T12:36:28.359Z] >>> [apiv2][query] GET https://serviceusage.googleapis.com/v1/projects/question-support/services/cloudresourcemanager.googleapis.com [none]
[debug] [2025-05-21T12:36:28.359Z] >>> [apiv2][(partial)header] GET https://serviceusage.googleapis.com/v1/projects/question-support/services/cloudresourcemanager.googleapis.com x-goog-quota-user=projects/question-support
[debug] [2025-05-21T12:36:29.432Z] <<< [apiv2][status] GET https://serviceusage.googleapis.com/v1/projects/question-support/services/cloudresourcemanager.googleapis.com 200
[debug] [2025-05-21T12:36:29.433Z] <<< [apiv2][body] GET https://serviceusage.googleapis.com/v1/projects/question-support/services/cloudresourcemanager.googleapis.com [omitted]
[debug] [2025-05-21T12:36:29.433Z] Checked if tokens are valid: true, expires at: 1747834114637
[debug] [2025-05-21T12:36:29.433Z] Checked if tokens are valid: true, expires at: 1747834114637
[debug] [2025-05-21T12:36:29.433Z] >>> [apiv2][query] GET https://cloudresourcemanager.googleapis.com/v1/projects/question-support [none]
[debug] [2025-05-21T12:36:29.634Z] <<< [apiv2][status] GET https://cloudresourcemanager.googleapis.com/v1/projects/question-support 200
[debug] [2025-05-21T12:36:29.634Z] <<< [apiv2][body] GET https://cloudresourcemanager.googleapis.com/v1/projects/question-support {"projectNumber":"4878361862","projectId":"question-support","lifecycleState":"ACTIVE","name":"question-support","labels":{"firebase":"enabled","firebase-core":"disabled"},"createTime":"2025-05-20T11:03:00.078011Z"}
[info] i  functions: preparing codebase default for deployment 
[info] i  functions: ensuring required API cloudfunctions.googleapis.com is enabled... 
[debug] [2025-05-21T12:36:29.641Z] Checked if tokens are valid: true, expires at: 1747834114637
[debug] [2025-05-21T12:36:29.641Z] Checked if tokens are valid: true, expires at: 1747834114637
[debug] [2025-05-21T12:36:29.641Z] Checked if tokens are valid: true, expires at: 1747834114637
[debug] [2025-05-21T12:36:29.641Z] Checked if tokens are valid: true, expires at: 1747834114637
[info] i  functions: ensuring required API cloudbuild.googleapis.com is enabled... 
[debug] [2025-05-21T12:36:29.642Z] Checked if tokens are valid: true, expires at: 1747834114637
[debug] [2025-05-21T12:36:29.642Z] Checked if tokens are valid: true, expires at: 1747834114637
[info] i  artifactregistry: ensuring required API artifactregistry.googleapis.com is enabled... 
[debug] [2025-05-21T12:36:29.642Z] Checked if tokens are valid: true, expires at: 1747834114637
[debug] [2025-05-21T12:36:29.642Z] Checked if tokens are valid: true, expires at: 1747834114637
[debug] [2025-05-21T12:36:29.642Z] >>> [apiv2][query] GET https://serviceusage.googleapis.com/v1/projects/question-support/services/cloudfunctions.googleapis.com [none]
[debug] [2025-05-21T12:36:29.642Z] >>> [apiv2][(partial)header] GET https://serviceusage.googleapis.com/v1/projects/question-support/services/cloudfunctions.googleapis.com x-goog-quota-user=projects/question-support
[debug] [2025-05-21T12:36:29.643Z] >>> [apiv2][query] GET https://serviceusage.googleapis.com/v1/projects/question-support/services/runtimeconfig.googleapis.com [none]
[debug] [2025-05-21T12:36:29.643Z] >>> [apiv2][(partial)header] GET https://serviceusage.googleapis.com/v1/projects/question-support/services/runtimeconfig.googleapis.com x-goog-quota-user=projects/question-support
[debug] [2025-05-21T12:36:29.645Z] >>> [apiv2][query] GET https://serviceusage.googleapis.com/v1/projects/question-support/services/cloudbuild.googleapis.com [none]
[debug] [2025-05-21T12:36:29.645Z] >>> [apiv2][(partial)header] GET https://serviceusage.googleapis.com/v1/projects/question-support/services/cloudbuild.googleapis.com x-goog-quota-user=projects/question-support
[debug] [2025-05-21T12:36:29.646Z] >>> [apiv2][query] GET https://serviceusage.googleapis.com/v1/projects/question-support/services/artifactregistry.googleapis.com [none]
[debug] [2025-05-21T12:36:29.646Z] >>> [apiv2][(partial)header] GET https://serviceusage.googleapis.com/v1/projects/question-support/services/artifactregistry.googleapis.com x-goog-quota-user=projects/question-support
[debug] [2025-05-21T12:36:29.909Z] <<< [apiv2][status] GET https://serviceusage.googleapis.com/v1/projects/question-support/services/cloudfunctions.googleapis.com 200
[debug] [2025-05-21T12:36:29.909Z] <<< [apiv2][body] GET https://serviceusage.googleapis.com/v1/projects/question-support/services/cloudfunctions.googleapis.com [omitted]
[info] ✔  functions: required API cloudfunctions.googleapis.com is enabled 
[debug] [2025-05-21T12:36:30.739Z] <<< [apiv2][status] GET https://serviceusage.googleapis.com/v1/projects/question-support/services/runtimeconfig.googleapis.com 200
[debug] [2025-05-21T12:36:30.739Z] <<< [apiv2][body] GET https://serviceusage.googleapis.com/v1/projects/question-support/services/runtimeconfig.googleapis.com [omitted]
[debug] [2025-05-21T12:36:30.740Z] <<< [apiv2][status] GET https://serviceusage.googleapis.com/v1/projects/question-support/services/cloudbuild.googleapis.com 200
[debug] [2025-05-21T12:36:30.740Z] <<< [apiv2][body] GET https://serviceusage.googleapis.com/v1/projects/question-support/services/cloudbuild.googleapis.com [omitted]
[info] ✔  functions: required API cloudbuild.googleapis.com is enabled 
[debug] [2025-05-21T12:36:30.741Z] <<< [apiv2][status] GET https://serviceusage.googleapis.com/v1/projects/question-support/services/artifactregistry.googleapis.com 200
[debug] [2025-05-21T12:36:30.741Z] <<< [apiv2][body] GET https://serviceusage.googleapis.com/v1/projects/question-support/services/artifactregistry.googleapis.com [omitted]
[info] ✔  artifactregistry: required API artifactregistry.googleapis.com is enabled 
[debug] [2025-05-21T12:36:30.741Z] Checked if tokens are valid: true, expires at: 1747834114637
[debug] [2025-05-21T12:36:30.741Z] Checked if tokens are valid: true, expires at: 1747834114637
[debug] [2025-05-21T12:36:30.742Z] >>> [apiv2][query] GET https://firebase.googleapis.com/v1beta1/projects/question-support/adminSdkConfig [none]
[debug] [2025-05-21T12:36:31.178Z] <<< [apiv2][status] GET https://firebase.googleapis.com/v1beta1/projects/question-support/adminSdkConfig 200
[debug] [2025-05-21T12:36:31.179Z] <<< [apiv2][body] GET https://firebase.googleapis.com/v1beta1/projects/question-support/adminSdkConfig {"projectId":"question-support","storageBucket":"question-support.firebasestorage.app"}
[debug] [2025-05-21T12:36:31.179Z] Checked if tokens are valid: true, expires at: 1747834114637
[debug] [2025-05-21T12:36:31.179Z] Checked if tokens are valid: true, expires at: 1747834114637
[debug] [2025-05-21T12:36:31.179Z] >>> [apiv2][query] GET https://runtimeconfig.googleapis.com/v1beta1/projects/question-support/configs [none]
[debug] [2025-05-21T12:36:31.610Z] <<< [apiv2][status] GET https://runtimeconfig.googleapis.com/v1beta1/projects/question-support/configs 200
[debug] [2025-05-21T12:36:31.610Z] <<< [apiv2][body] GET https://runtimeconfig.googleapis.com/v1beta1/projects/question-support/configs {}
[debug] [2025-05-21T12:36:31.612Z] Validating nodejs source
[warn] ⚠  functions: Runtime Node.js 18 was deprecated on 2025-04-30 and will be decommissioned on 2025-10-30, after which you will not be able to deploy without upgrading. Consider upgrading now to avoid disruption. See https://cloud.google.com/functions/docs/runtime-support for full details on the lifecycle policy 
[warn] ⚠  functions: package.json indicates an outdated version of firebase-functions. Please upgrade using npm install --save firebase-functions@latest in your functions directory. 
[warn] ⚠  functions: Please note that there will be breaking changes when you upgrade. 
[debug] [2025-05-21T12:36:31.972Z] > [functions] package.json contents: {
  "name": "functions",
  "scripts": {
    "lint": "eslint --ext .js,.ts .",
    "build": "tsc",
    "build:watch": "tsc --watch",
    "serve": "npm run build && firebase emulators:start --only functions",
    "shell": "npm run build && firebase functions:shell",
    "start": "npm run shell",
    "deploy": "firebase deploy --only functions",
    "logs": "firebase functions:log"
  },
  "engines": {
    "node": "18"
  },
  "main": "lib/index.js",
  "dependencies": {
    "@sendgrid/mail": "^8.1.5",
    "firebase-admin": "^11.10.1",
    "firebase-functions": "^3.23.0"
  },
  "devDependencies": {
    "@typescript-eslint/eslint-plugin": "^5.12.0",
    "@typescript-eslint/parser": "^5.12.0",
    "eslint": "^8.9.0",
    "eslint-config-google": "^0.14.0",
    "eslint-plugin-import": "^2.25.4",
    "typescript": "^4.9.0"
  },
  "private": true
}
[debug] [2025-05-21T12:36:31.972Z] Building nodejs source
[info] i  functions: Loading and analyzing source code for codebase default to determine what to deploy 
[info] i  functions: You are using a version of firebase-functions SDK (3.24.1) that does not have support for the newest Firebase Extensions features. Please update firebase-functions SDK to >=5.1.0 to use them correctly 
[debug] [2025-05-21T12:36:31.973Z] Could not find functions.yaml. Must use http discovery
[debug] [2025-05-21T12:36:31.977Z] Found firebase-functions binary at '/Users/tsuchiyashougo/develop/question-support/functions/node_modules/.bin/firebase-functions'
[info] Serving at port 8655

[debug] [2025-05-21T12:36:32.319Z] Got response from /__/functions.yaml {"endpoints":{"addQuestionId":{"platform":"gcfv1","eventTrigger":{"eventType":"providers/cloud.firestore/eventTypes/document.create","eventFilters":{"resource":"projects/question-support/databases/(default)/documents/questions/{docId}"},"retry":false},"labels":{},"entryPoint":"addQuestionId"}},"specVersion":"v1alpha1","requiredAPIs":[]}
[info] shutdown requested via /__/quitquitquit

[info] i  functions: preparing functions directory for uploading... 
[info] i  functions: packaged /Users/tsuchiyashougo/develop/question-support/functions (67.38 KB) for uploading 
[debug] [2025-05-21T12:36:36.373Z] Checked if tokens are valid: true, expires at: 1747834114637
[debug] [2025-05-21T12:36:36.373Z] Checked if tokens are valid: true, expires at: 1747834114637
[debug] [2025-05-21T12:36:36.373Z] >>> [apiv2][query] GET https://cloudfunctions.googleapis.com/v1/projects/question-support/locations/-/functions [none]
[debug] [2025-05-21T12:36:37.337Z] <<< [apiv2][status] GET https://cloudfunctions.googleapis.com/v1/projects/question-support/locations/-/functions 200
[debug] [2025-05-21T12:36:37.338Z] <<< [apiv2][body] GET https://cloudfunctions.googleapis.com/v1/projects/question-support/locations/-/functions {"functions":[{"name":"projects/question-support/locations/us-central1/functions/addQuestionId","eventTrigger":{"eventType":"providers/cloud.firestore/eventTypes/document.create","resource":"projects/question-support/databases/(default)/documents/questions/{docId}","service":"firestore.googleapis.com","failurePolicy":{}},"status":"OFFLINE","entryPoint":"addQuestionId","timeout":"60s","availableMemoryMb":256,"serviceAccountEmail":"question-support@appspot.gserviceaccount.com","updateTime":"2025-05-21T12:33:38.287836322Z","versionId":"1","labels":{"deployment-tool":"cli-firebase","firebase-functions-hash":"3c206c0f63f4cc475c27a53dc9cf7410fd3e4636"},"sourceUploadUrl":"https://storage.googleapis.com/uploads-465932626544.us-central1.cloudfunctions.appspot.com/bd6d6cb5-dfa4-4fde-aa62-2a05b4912f92.zip","environmentVariables":{"FIREBASE_CONFIG":"{\"projectId\":\"question-support\",\"storageBucket\":\"question-support.firebasestorage.app\"}","GCLOUD_PROJECT":"question-support","EVENTARC_CLOUD_EVENT_SOURCE":"projects/question-support/locations/us-central1/functions/addQuestionId"},"runtime":"nodejs18","maxInstances":3000,"ingressSettings":"ALLOW_ALL","buildId":"c001cee5-4147-41e9-9b83-501f5de3c6d4","buildEnvironmentVariables":{"GOOGLE_NODE_RUN_SCRIPTS":""},"buildName":"projects/4878361862/locations/us-central1/builds/c001cee5-4147-41e9-9b83-501f5de3c6d4","dockerRegistry":"ARTIFACT_REGISTRY","automaticUpdatePolicy":{},"buildServiceAccount":"projects/question-support/serviceAccounts/4878361862-compute@developer.gserviceaccount.com","satisfiesPzi":true}]}
[debug] [2025-05-21T12:36:37.339Z] Checked if tokens are valid: true, expires at: 1747834114637
[debug] [2025-05-21T12:36:37.339Z] Checked if tokens are valid: true, expires at: 1747834114637
[debug] [2025-05-21T12:36:37.340Z] >>> [apiv2][query] GET https://cloudfunctions.googleapis.com/v2/projects/question-support/locations/-/functions filter=environment%3D%22GEN_2%22
[debug] [2025-05-21T12:36:38.666Z] <<< [apiv2][status] GET https://cloudfunctions.googleapis.com/v2/projects/question-support/locations/-/functions 200
[debug] [2025-05-21T12:36:38.666Z] <<< [apiv2][body] GET https://cloudfunctions.googleapis.com/v2/projects/question-support/locations/-/functions {}
[debug] [2025-05-21T12:36:38.669Z] Checked if tokens are valid: true, expires at: 1747834114637
[debug] [2025-05-21T12:36:38.669Z] Checked if tokens are valid: true, expires at: 1747834114637
[debug] [2025-05-21T12:36:38.669Z] >>> [apiv2][query] GET https://serviceusage.googleapis.com/v1/projects/question-support/services/cloudresourcemanager.googleapis.com [none]
[debug] [2025-05-21T12:36:38.669Z] >>> [apiv2][(partial)header] GET https://serviceusage.googleapis.com/v1/projects/question-support/services/cloudresourcemanager.googleapis.com x-goog-quota-user=projects/question-support
[debug] [2025-05-21T12:36:39.077Z] <<< [apiv2][status] GET https://serviceusage.googleapis.com/v1/projects/question-support/services/cloudresourcemanager.googleapis.com 200
[debug] [2025-05-21T12:36:39.077Z] <<< [apiv2][body] GET https://serviceusage.googleapis.com/v1/projects/question-support/services/cloudresourcemanager.googleapis.com [omitted]
[debug] [2025-05-21T12:36:39.077Z] Checked if tokens are valid: true, expires at: 1747834114637
[debug] [2025-05-21T12:36:39.077Z] Checked if tokens are valid: true, expires at: 1747834114637
[debug] [2025-05-21T12:36:39.078Z] >>> [apiv2][query] GET https://cloudresourcemanager.googleapis.com/v1/projects/question-support [none]
[debug] [2025-05-21T12:36:39.829Z] <<< [apiv2][status] GET https://cloudresourcemanager.googleapis.com/v1/projects/question-support 200
[debug] [2025-05-21T12:36:39.829Z] <<< [apiv2][body] GET https://cloudresourcemanager.googleapis.com/v1/projects/question-support {"projectNumber":"4878361862","projectId":"question-support","lifecycleState":"ACTIVE","name":"question-support","labels":{"firebase":"enabled","firebase-core":"disabled"},"createTime":"2025-05-20T11:03:00.078011Z"}
[debug] [2025-05-21T12:36:39.831Z] Checked if tokens are valid: true, expires at: 1747834114637
[debug] [2025-05-21T12:36:39.831Z] Checked if tokens are valid: true, expires at: 1747834114637
[debug] [2025-05-21T12:36:39.832Z] >>> [apiv2][query] POST https://cloudfunctions.googleapis.com/v1/projects/question-support/locations/us-central1/functions:generateUploadUrl [none]
[debug] [2025-05-21T12:36:39.832Z] >>> [apiv2][body] POST https://cloudfunctions.googleapis.com/v1/projects/question-support/locations/us-central1/functions:generateUploadUrl {}
[debug] [2025-05-21T12:36:40.905Z] <<< [apiv2][status] POST https://cloudfunctions.googleapis.com/v1/projects/question-support/locations/us-central1/functions:generateUploadUrl 200
[debug] [2025-05-21T12:36:40.905Z] <<< [apiv2][body] POST https://cloudfunctions.googleapis.com/v1/projects/question-support/locations/us-central1/functions:generateUploadUrl {"uploadUrl":"https://storage.googleapis.com/uploads-465932626544.us-central1.cloudfunctions.appspot.com/299ecbdf-ccb4-4168-8ffe-5671fe768423.zip?GoogleAccessId=service-4878361862@gcf-admin-robot.iam.gserviceaccount.com&Expires=1747832800&Signature=MvDAE7%2FV4oET9relTxh8lLThD9PLQQffIIWwOUXIyNYVNAo%2Bt2BzrMx9vpfPCQPRp8UKIDBTxMDpVAAMMx7eMdVxZ61jgkRD0rHhEF2uvHs8pQ3nXQU2mP%2B16HoY6RcL8sA0fWvjdvskJxQaU5sXx2SBlj%2FQOkS3bNF3WoUOEnFZJZYPEWMaUOdNNumkUCaXwTv7YxsOnktQXq4bT3U5ph%2F02NsSaAgQUqkpiSxWYR%2BTqfX92DV4BPNLKpX0kADkhuiN5ITFMGkbg2n3e7A9bqIJjZ167x3dB4a7PvuvZnEyBLLDFhBC1VreLu1Dy5RzxiixfA3nyb0pUyDDkOuD6w%3D%3D"}
[debug] [2025-05-21T12:36:40.907Z] >>> [apiv2][query] PUT https://storage.googleapis.com/uploads-465932626544.us-central1.cloudfunctions.appspot.com/299ecbdf-ccb4-4168-8ffe-5671fe768423.zip GoogleAccessId=service-4878361862%40gcf-admin-robot.iam.gserviceaccount.com&Expires=1747832800&Signature=MvDAE7%2FV4oET9relTxh8lLThD9PLQQffIIWwOUXIyNYVNAo%2Bt2BzrMx9vpfPCQPRp8UKIDBTxMDpVAAMMx7eMdVxZ61jgkRD0rHhEF2uvHs8pQ3nXQU2mP%2B16HoY6RcL8sA0fWvjdvskJxQaU5sXx2SBlj%2FQOkS3bNF3WoUOEnFZJZYPEWMaUOdNNumkUCaXwTv7YxsOnktQXq4bT3U5ph%2F02NsSaAgQUqkpiSxWYR%2BTqfX92DV4BPNLKpX0kADkhuiN5ITFMGkbg2n3e7A9bqIJjZ167x3dB4a7PvuvZnEyBLLDFhBC1VreLu1Dy5RzxiixfA3nyb0pUyDDkOuD6w%3D%3D
[debug] [2025-05-21T12:36:40.907Z] >>> [apiv2][body] PUT https://storage.googleapis.com/uploads-465932626544.us-central1.cloudfunctions.appspot.com/299ecbdf-ccb4-4168-8ffe-5671fe768423.zip [stream]
[debug] [2025-05-21T12:36:41.679Z] <<< [apiv2][status] PUT https://storage.googleapis.com/uploads-465932626544.us-central1.cloudfunctions.appspot.com/299ecbdf-ccb4-4168-8ffe-5671fe768423.zip 200
[debug] [2025-05-21T12:36:41.680Z] <<< [apiv2][body] PUT https://storage.googleapis.com/uploads-465932626544.us-central1.cloudfunctions.appspot.com/299ecbdf-ccb4-4168-8ffe-5671fe768423.zip [omitted]
[info] ✔  functions: functions folder uploaded successfully 
[info] i  functions: updating Node.js 18 (1st Gen) function addQuestionId(us-central1)... 
[debug] [2025-05-21T12:36:41.685Z] Checked if tokens are valid: true, expires at: 1747834114637
[debug] [2025-05-21T12:36:41.685Z] Checked if tokens are valid: true, expires at: 1747834114637
[debug] [2025-05-21T12:36:41.685Z] >>> [apiv2][query] PATCH https://cloudfunctions.googleapis.com/v1/projects/question-support/locations/us-central1/functions/addQuestionId updateMask=name%2CsourceUploadUrl%2CentryPoint%2Cruntime%2CdockerRegistry%2Clabels%2CeventTrigger.eventType%2CeventTrigger.resource%2CeventTrigger.failurePolicy%2CenvironmentVariables%2CavailableMemoryMb%2CsourceToken%2CbuildEnvironmentVariables
[debug] [2025-05-21T12:36:41.685Z] >>> [apiv2][body] PATCH https://cloudfunctions.googleapis.com/v1/projects/question-support/locations/us-central1/functions/addQuestionId {"name":"projects/question-support/locations/us-central1/functions/addQuestionId","sourceUploadUrl":"https://storage.googleapis.com/uploads-465932626544.us-central1.cloudfunctions.appspot.com/299ecbdf-ccb4-4168-8ffe-5671fe768423.zip?GoogleAccessId=service-4878361862@gcf-admin-robot.iam.gserviceaccount.com&Expires=1747832800&Signature=MvDAE7%2FV4oET9relTxh8lLThD9PLQQffIIWwOUXIyNYVNAo%2Bt2BzrMx9vpfPCQPRp8UKIDBTxMDpVAAMMx7eMdVxZ61jgkRD0rHhEF2uvHs8pQ3nXQU2mP%2B16HoY6RcL8sA0fWvjdvskJxQaU5sXx2SBlj%2FQOkS3bNF3WoUOEnFZJZYPEWMaUOdNNumkUCaXwTv7YxsOnktQXq4bT3U5ph%2F02NsSaAgQUqkpiSxWYR%2BTqfX92DV4BPNLKpX0kADkhuiN5ITFMGkbg2n3e7A9bqIJjZ167x3dB4a7PvuvZnEyBLLDFhBC1VreLu1Dy5RzxiixfA3nyb0pUyDDkOuD6w%3D%3D","entryPoint":"addQuestionId","runtime":"nodejs18","dockerRegistry":"ARTIFACT_REGISTRY","labels":{"deployment-tool":"cli-firebase","firebase-functions-hash":"0d139a11c4c61d30fbc736ad713b7db596e96a5b"},"eventTrigger":{"eventType":"providers/cloud.firestore/eventTypes/document.create","resource":"projects/question-support/databases/(default)/documents/questions/{docId}"},"environmentVariables":{"FIREBASE_CONFIG":"{\"projectId\":\"question-support\",\"storageBucket\":\"question-support.firebasestorage.app\"}","GCLOUD_PROJECT":"question-support","EVENTARC_CLOUD_EVENT_SOURCE":"projects/question-support/locations/us-central1/functions/addQuestionId"},"availableMemoryMb":256,"buildEnvironmentVariables":{"GOOGLE_NODE_RUN_SCRIPTS":""}}
[debug] [2025-05-21T12:36:42.291Z] <<< [apiv2][status] PATCH https://cloudfunctions.googleapis.com/v1/projects/question-support/locations/us-central1/functions/addQuestionId 200
[debug] [2025-05-21T12:36:42.292Z] <<< [apiv2][body] PATCH https://cloudfunctions.googleapis.com/v1/projects/question-support/locations/us-central1/functions/addQuestionId {"name":"operations/cXVlc3Rpb24tc3VwcG9ydC91cy1jZW50cmFsMS9hZGRRdWVzdGlvbklkL1pXUmZVbXdyR1hv","metadata":{"@type":"type.googleapis.com/google.cloud.functions.v1.OperationMetadataV1","target":"projects/question-support/locations/us-central1/functions/addQuestionId","type":"UPDATE_FUNCTION","request":{"@type":"type.googleapis.com/google.cloud.functions.v1.CloudFunction","name":"projects/question-support/locations/us-central1/functions/addQuestionId","eventTrigger":{"eventType":"providers/cloud.firestore/eventTypes/document.create","resource":"projects/question-support/databases/(default)/documents/questions/{docId}","service":"firestore.googleapis.com"},"status":"OFFLINE","entryPoint":"addQuestionId","timeout":"60s","availableMemoryMb":256,"serviceAccountEmail":"question-support@appspot.gserviceaccount.com","updateTime":"2025-05-21T12:33:34.008Z","versionId":"1","labels":{"deployment-tool":"cli-firebase","firebase-functions-hash":"0d139a11c4c61d30fbc736ad713b7db596e96a5b"},"sourceUploadUrl":"https://storage.googleapis.com/uploads-465932626544.us-central1.cloudfunctions.appspot.com/299ecbdf-ccb4-4168-8ffe-5671fe768423.zip?GoogleAccessId=service-4878361862@gcf-admin-robot.iam.gserviceaccount.com&Expires=1747832800&Signature=MvDAE7%2FV4oET9relTxh8lLThD9PLQQffIIWwOUXIyNYVNAo%2Bt2BzrMx9vpfPCQPRp8UKIDBTxMDpVAAMMx7eMdVxZ61jgkRD0rHhEF2uvHs8pQ3nXQU2mP%2B16HoY6RcL8sA0fWvjdvskJxQaU5sXx2SBlj%2FQOkS3bNF3WoUOEnFZJZYPEWMaUOdNNumkUCaXwTv7YxsOnktQXq4bT3U5ph%2F02NsSaAgQUqkpiSxWYR%2BTqfX92DV4BPNLKpX0kADkhuiN5ITFMGkbg2n3e7A9bqIJjZ167x3dB4a7PvuvZnEyBLLDFhBC1VreLu1Dy5RzxiixfA3nyb0pUyDDkOuD6w%3D%3D","environmentVariables":{"FIREBASE_CONFIG":"{\"projectId\":\"question-support\",\"storageBucket\":\"question-support.firebasestorage.app\"}","GCLOUD_PROJECT":"question-support","EVENTARC_CLOUD_EVENT_SOURCE":"projects/question-support/locations/us-central1/functions/addQuestionId"},"runtime":"nodejs18","maxInstances":3000,"ingressSettings":"ALLOW_ALL","buildId":"c001cee5-4147-41e9-9b83-501f5de3c6d4","buildEnvironmentVariables":{"GOOGLE_NODE_RUN_SCRIPTS":""},"buildName":"projects/4878361862/locations/us-central1/builds/c001cee5-4147-41e9-9b83-501f5de3c6d4","dockerRegistry":"ARTIFACT_REGISTRY","automaticUpdatePolicy":{},"buildServiceAccount":"projects/question-support/serviceAccounts/4878361862-compute@developer.gserviceaccount.com"},"versionId":"2","updateTime":"2025-05-21T12:36:42Z"}}
[debug] [2025-05-21T12:36:42.293Z] Checked if tokens are valid: true, expires at: 1747834114637
[debug] [2025-05-21T12:36:42.293Z] Checked if tokens are valid: true, expires at: 1747834114637
[debug] [2025-05-21T12:36:42.293Z] >>> [apiv2][query] GET https://cloudfunctions.googleapis.com/v1/operations/cXVlc3Rpb24tc3VwcG9ydC91cy1jZW50cmFsMS9hZGRRdWVzdGlvbklkL1pXUmZVbXdyR1hv [none]
[debug] [2025-05-21T12:36:43.394Z] <<< [apiv2][status] GET https://cloudfunctions.googleapis.com/v1/operations/cXVlc3Rpb24tc3VwcG9ydC91cy1jZW50cmFsMS9hZGRRdWVzdGlvbklkL1pXUmZVbXdyR1hv 200
[debug] [2025-05-21T12:36:43.394Z] <<< [apiv2][body] GET https://cloudfunctions.googleapis.com/v1/operations/cXVlc3Rpb24tc3VwcG9ydC91cy1jZW50cmFsMS9hZGRRdWVzdGlvbklkL1pXUmZVbXdyR1hv {"name":"operations/cXVlc3Rpb24tc3VwcG9ydC91cy1jZW50cmFsMS9hZGRRdWVzdGlvbklkL1pXUmZVbXdyR1hv","metadata":{"@type":"type.googleapis.com/google.cloud.functions.v1.OperationMetadataV1","target":"projects/question-support/locations/us-central1/functions/addQuestionId","type":"UPDATE_FUNCTION","request":{"@type":"type.googleapis.com/google.cloud.functions.v1.CloudFunction","name":"projects/question-support/locations/us-central1/functions/addQuestionId","eventTrigger":{"eventType":"providers/cloud.firestore/eventTypes/document.create","resource":"projects/question-support/databases/(default)/documents/questions/{docId}","service":"firestore.googleapis.com"},"status":"OFFLINE","entryPoint":"addQuestionId","timeout":"60s","availableMemoryMb":256,"serviceAccountEmail":"question-support@appspot.gserviceaccount.com","updateTime":"2025-05-21T12:33:34.008Z","versionId":"1","labels":{"deployment-tool":"cli-firebase","firebase-functions-hash":"0d139a11c4c61d30fbc736ad713b7db596e96a5b"},"sourceUploadUrl":"https://storage.googleapis.com/uploads-465932626544.us-central1.cloudfunctions.appspot.com/299ecbdf-ccb4-4168-8ffe-5671fe768423.zip?GoogleAccessId=service-4878361862@gcf-admin-robot.iam.gserviceaccount.com&Expires=1747832800&Signature=MvDAE7%2FV4oET9relTxh8lLThD9PLQQffIIWwOUXIyNYVNAo%2Bt2BzrMx9vpfPCQPRp8UKIDBTxMDpVAAMMx7eMdVxZ61jgkRD0rHhEF2uvHs8pQ3nXQU2mP%2B16HoY6RcL8sA0fWvjdvskJxQaU5sXx2SBlj%2FQOkS3bNF3WoUOEnFZJZYPEWMaUOdNNumkUCaXwTv7YxsOnktQXq4bT3U5ph%2F02NsSaAgQUqkpiSxWYR%2BTqfX92DV4BPNLKpX0kADkhuiN5ITFMGkbg2n3e7A9bqIJjZ167x3dB4a7PvuvZnEyBLLDFhBC1VreLu1Dy5RzxiixfA3nyb0pUyDDkOuD6w%3D%3D","environmentVariables":{"FIREBASE_CONFIG":"{\"projectId\":\"question-support\",\"storageBucket\":\"question-support.firebasestorage.app\"}","GCLOUD_PROJECT":"question-support","EVENTARC_CLOUD_EVENT_SOURCE":"projects/question-support/locations/us-central1/functions/addQuestionId"},"runtime":"nodejs18","maxInstances":3000,"ingressSettings":"ALLOW_ALL","buildId":"c001cee5-4147-41e9-9b83-501f5de3c6d4","buildEnvironmentVariables":{"GOOGLE_NODE_RUN_SCRIPTS":""},"buildName":"projects/4878361862/locations/us-central1/builds/c001cee5-4147-41e9-9b83-501f5de3c6d4","dockerRegistry":"ARTIFACT_REGISTRY","automaticUpdatePolicy":{},"buildServiceAccount":"projects/question-support/serviceAccounts/4878361862-compute@developer.gserviceaccount.com"},"versionId":"2","updateTime":"2025-05-21T12:36:42Z","buildId":"fdc6e43e-856b-487a-a110-0c93a6a8e081","buildName":"projects/4878361862/locations/us-central1/builds/fdc6e43e-856b-487a-a110-0c93a6a8e081"}}
[debug] [2025-05-21T12:36:43.895Z] [update-default-us-central1-addQuestionId] Retrying task index 0
[debug] [2025-05-21T12:36:43.895Z] Checked if tokens are valid: true, expires at: 1747834114637
[debug] [2025-05-21T12:36:43.896Z] Checked if tokens are valid: true, expires at: 1747834114637
[debug] [2025-05-21T12:36:43.896Z] >>> [apiv2][query] GET https://cloudfunctions.googleapis.com/v1/operations/cXVlc3Rpb24tc3VwcG9ydC91cy1jZW50cmFsMS9hZGRRdWVzdGlvbklkL1pXUmZVbXdyR1hv [none]
[debug] [2025-05-21T12:36:44.241Z] <<< [apiv2][status] GET https://cloudfunctions.googleapis.com/v1/operations/cXVlc3Rpb24tc3VwcG9ydC91cy1jZW50cmFsMS9hZGRRdWVzdGlvbklkL1pXUmZVbXdyR1hv 200
[debug] [2025-05-21T12:36:44.241Z] <<< [apiv2][body] GET https://cloudfunctions.googleapis.com/v1/operations/cXVlc3Rpb24tc3VwcG9ydC91cy1jZW50cmFsMS9hZGRRdWVzdGlvbklkL1pXUmZVbXdyR1hv {"name":"operations/cXVlc3Rpb24tc3VwcG9ydC91cy1jZW50cmFsMS9hZGRRdWVzdGlvbklkL1pXUmZVbXdyR1hv","metadata":{"@type":"type.googleapis.com/google.cloud.functions.v1.OperationMetadataV1","target":"projects/question-support/locations/us-central1/functions/addQuestionId","type":"UPDATE_FUNCTION","request":{"@type":"type.googleapis.com/google.cloud.functions.v1.CloudFunction","name":"projects/question-support/locations/us-central1/functions/addQuestionId","eventTrigger":{"eventType":"providers/cloud.firestore/eventTypes/document.create","resource":"projects/question-support/databases/(default)/documents/questions/{docId}","service":"firestore.googleapis.com"},"status":"OFFLINE","entryPoint":"addQuestionId","timeout":"60s","availableMemoryMb":256,"serviceAccountEmail":"question-support@appspot.gserviceaccount.com","updateTime":"2025-05-21T12:33:34.008Z","versionId":"1","labels":{"deployment-tool":"cli-firebase","firebase-functions-hash":"0d139a11c4c61d30fbc736ad713b7db596e96a5b"},"sourceUploadUrl":"https://storage.googleapis.com/uploads-465932626544.us-central1.cloudfunctions.appspot.com/299ecbdf-ccb4-4168-8ffe-5671fe768423.zip?GoogleAccessId=service-4878361862@gcf-admin-robot.iam.gserviceaccount.com&Expires=1747832800&Signature=MvDAE7%2FV4oET9relTxh8lLThD9PLQQffIIWwOUXIyNYVNAo%2Bt2BzrMx9vpfPCQPRp8UKIDBTxMDpVAAMMx7eMdVxZ61jgkRD0rHhEF2uvHs8pQ3nXQU2mP%2B16HoY6RcL8sA0fWvjdvskJxQaU5sXx2SBlj%2FQOkS3bNF3WoUOEnFZJZYPEWMaUOdNNumkUCaXwTv7YxsOnktQXq4bT3U5ph%2F02NsSaAgQUqkpiSxWYR%2BTqfX92DV4BPNLKpX0kADkhuiN5ITFMGkbg2n3e7A9bqIJjZ167x3dB4a7PvuvZnEyBLLDFhBC1VreLu1Dy5RzxiixfA3nyb0pUyDDkOuD6w%3D%3D","environmentVariables":{"FIREBASE_CONFIG":"{\"projectId\":\"question-support\",\"storageBucket\":\"question-support.firebasestorage.app\"}","GCLOUD_PROJECT":"question-support","EVENTARC_CLOUD_EVENT_SOURCE":"projects/question-support/locations/us-central1/functions/addQuestionId"},"runtime":"nodejs18","maxInstances":3000,"ingressSettings":"ALLOW_ALL","buildId":"c001cee5-4147-41e9-9b83-501f5de3c6d4","buildEnvironmentVariables":{"GOOGLE_NODE_RUN_SCRIPTS":""},"buildName":"projects/4878361862/locations/us-central1/builds/c001cee5-4147-41e9-9b83-501f5de3c6d4","dockerRegistry":"ARTIFACT_REGISTRY","automaticUpdatePolicy":{},"buildServiceAccount":"projects/question-support/serviceAccounts/4878361862-compute@developer.gserviceaccount.com"},"versionId":"2","updateTime":"2025-05-21T12:36:42Z","buildId":"fdc6e43e-856b-487a-a110-0c93a6a8e081","buildName":"projects/4878361862/locations/us-central1/builds/fdc6e43e-856b-487a-a110-0c93a6a8e081"}}
[debug] [2025-05-21T12:36:45.242Z] [update-default-us-central1-addQuestionId] Retrying task index 0
[debug] [2025-05-21T12:36:45.243Z] Checked if tokens are valid: true, expires at: 1747834114637
[debug] [2025-05-21T12:36:45.243Z] Checked if tokens are valid: true, expires at: 1747834114637
[debug] [2025-05-21T12:36:45.243Z] >>> [apiv2][query] GET https://cloudfunctions.googleapis.com/v1/operations/cXVlc3Rpb24tc3VwcG9ydC91cy1jZW50cmFsMS9hZGRRdWVzdGlvbklkL1pXUmZVbXdyR1hv [none]
[debug] [2025-05-21T12:36:45.732Z] <<< [apiv2][status] GET https://cloudfunctions.googleapis.com/v1/operations/cXVlc3Rpb24tc3VwcG9ydC91cy1jZW50cmFsMS9hZGRRdWVzdGlvbklkL1pXUmZVbXdyR1hv 200
[debug] [2025-05-21T12:36:45.732Z] <<< [apiv2][body] GET https://cloudfunctions.googleapis.com/v1/operations/cXVlc3Rpb24tc3VwcG9ydC91cy1jZW50cmFsMS9hZGRRdWVzdGlvbklkL1pXUmZVbXdyR1hv {"name":"operations/cXVlc3Rpb24tc3VwcG9ydC91cy1jZW50cmFsMS9hZGRRdWVzdGlvbklkL1pXUmZVbXdyR1hv","metadata":{"@type":"type.googleapis.com/google.cloud.functions.v1.OperationMetadataV1","target":"projects/question-support/locations/us-central1/functions/addQuestionId","type":"UPDATE_FUNCTION","request":{"@type":"type.googleapis.com/google.cloud.functions.v1.CloudFunction","name":"projects/question-support/locations/us-central1/functions/addQuestionId","eventTrigger":{"eventType":"providers/cloud.firestore/eventTypes/document.create","resource":"projects/question-support/databases/(default)/documents/questions/{docId}","service":"firestore.googleapis.com"},"status":"OFFLINE","entryPoint":"addQuestionId","timeout":"60s","availableMemoryMb":256,"serviceAccountEmail":"question-support@appspot.gserviceaccount.com","updateTime":"2025-05-21T12:33:34.008Z","versionId":"1","labels":{"deployment-tool":"cli-firebase","firebase-functions-hash":"0d139a11c4c61d30fbc736ad713b7db596e96a5b"},"sourceUploadUrl":"https://storage.googleapis.com/uploads-465932626544.us-central1.cloudfunctions.appspot.com/299ecbdf-ccb4-4168-8ffe-5671fe768423.zip?GoogleAccessId=service-4878361862@gcf-admin-robot.iam.gserviceaccount.com&Expires=1747832800&Signature=MvDAE7%2FV4oET9relTxh8lLThD9PLQQffIIWwOUXIyNYVNAo%2Bt2BzrMx9vpfPCQPRp8UKIDBTxMDpVAAMMx7eMdVxZ61jgkRD0rHhEF2uvHs8pQ3nXQU2mP%2B16HoY6RcL8sA0fWvjdvskJxQaU5sXx2SBlj%2FQOkS3bNF3WoUOEnFZJZYPEWMaUOdNNumkUCaXwTv7YxsOnktQXq4bT3U5ph%2F02NsSaAgQUqkpiSxWYR%2BTqfX92DV4BPNLKpX0kADkhuiN5ITFMGkbg2n3e7A9bqIJjZ167x3dB4a7PvuvZnEyBLLDFhBC1VreLu1Dy5RzxiixfA3nyb0pUyDDkOuD6w%3D%3D","environmentVariables":{"FIREBASE_CONFIG":"{\"projectId\":\"question-support\",\"storageBucket\":\"question-support.firebasestorage.app\"}","GCLOUD_PROJECT":"question-support","EVENTARC_CLOUD_EVENT_SOURCE":"projects/question-support/locations/us-central1/functions/addQuestionId"},"runtime":"nodejs18","maxInstances":3000,"ingressSettings":"ALLOW_ALL","buildId":"c001cee5-4147-41e9-9b83-501f5de3c6d4","buildEnvironmentVariables":{"GOOGLE_NODE_RUN_SCRIPTS":""},"buildName":"projects/4878361862/locations/us-central1/builds/c001cee5-4147-41e9-9b83-501f5de3c6d4","dockerRegistry":"ARTIFACT_REGISTRY","automaticUpdatePolicy":{},"buildServiceAccount":"projects/question-support/serviceAccounts/4878361862-compute@developer.gserviceaccount.com"},"versionId":"2","updateTime":"2025-05-21T12:36:42Z","buildId":"fdc6e43e-856b-487a-a110-0c93a6a8e081","buildName":"projects/4878361862/locations/us-central1/builds/fdc6e43e-856b-487a-a110-0c93a6a8e081"}}
[debug] [2025-05-21T12:36:47.733Z] [update-default-us-central1-addQuestionId] Retrying task index 0
[debug] [2025-05-21T12:36:47.734Z] Checked if tokens are valid: true, expires at: 1747834114637
[debug] [2025-05-21T12:36:47.734Z] Checked if tokens are valid: true, expires at: 1747834114637
[debug] [2025-05-21T12:36:47.734Z] >>> [apiv2][query] GET https://cloudfunctions.googleapis.com/v1/operations/cXVlc3Rpb24tc3VwcG9ydC91cy1jZW50cmFsMS9hZGRRdWVzdGlvbklkL1pXUmZVbXdyR1hv [none]
[debug] [2025-05-21T12:36:48.294Z] <<< [apiv2][status] GET https://cloudfunctions.googleapis.com/v1/operations/cXVlc3Rpb24tc3VwcG9ydC91cy1jZW50cmFsMS9hZGRRdWVzdGlvbklkL1pXUmZVbXdyR1hv 200
[debug] [2025-05-21T12:36:48.294Z] <<< [apiv2][body] GET https://cloudfunctions.googleapis.com/v1/operations/cXVlc3Rpb24tc3VwcG9ydC91cy1jZW50cmFsMS9hZGRRdWVzdGlvbklkL1pXUmZVbXdyR1hv {"name":"operations/cXVlc3Rpb24tc3VwcG9ydC91cy1jZW50cmFsMS9hZGRRdWVzdGlvbklkL1pXUmZVbXdyR1hv","metadata":{"@type":"type.googleapis.com/google.cloud.functions.v1.OperationMetadataV1","target":"projects/question-support/locations/us-central1/functions/addQuestionId","type":"UPDATE_FUNCTION","request":{"@type":"type.googleapis.com/google.cloud.functions.v1.CloudFunction","name":"projects/question-support/locations/us-central1/functions/addQuestionId","eventTrigger":{"eventType":"providers/cloud.firestore/eventTypes/document.create","resource":"projects/question-support/databases/(default)/documents/questions/{docId}","service":"firestore.googleapis.com"},"status":"OFFLINE","entryPoint":"addQuestionId","timeout":"60s","availableMemoryMb":256,"serviceAccountEmail":"question-support@appspot.gserviceaccount.com","updateTime":"2025-05-21T12:33:34.008Z","versionId":"1","labels":{"deployment-tool":"cli-firebase","firebase-functions-hash":"0d139a11c4c61d30fbc736ad713b7db596e96a5b"},"sourceUploadUrl":"https://storage.googleapis.com/uploads-465932626544.us-central1.cloudfunctions.appspot.com/299ecbdf-ccb4-4168-8ffe-5671fe768423.zip?GoogleAccessId=service-4878361862@gcf-admin-robot.iam.gserviceaccount.com&Expires=1747832800&Signature=MvDAE7%2FV4oET9relTxh8lLThD9PLQQffIIWwOUXIyNYVNAo%2Bt2BzrMx9vpfPCQPRp8UKIDBTxMDpVAAMMx7eMdVxZ61jgkRD0rHhEF2uvHs8pQ3nXQU2mP%2B16HoY6RcL8sA0fWvjdvskJxQaU5sXx2SBlj%2FQOkS3bNF3WoUOEnFZJZYPEWMaUOdNNumkUCaXwTv7YxsOnktQXq4bT3U5ph%2F02NsSaAgQUqkpiSxWYR%2BTqfX92DV4BPNLKpX0kADkhuiN5ITFMGkbg2n3e7A9bqIJjZ167x3dB4a7PvuvZnEyBLLDFhBC1VreLu1Dy5RzxiixfA3nyb0pUyDDkOuD6w%3D%3D","environmentVariables":{"FIREBASE_CONFIG":"{\"projectId\":\"question-support\",\"storageBucket\":\"question-support.firebasestorage.app\"}","GCLOUD_PROJECT":"question-support","EVENTARC_CLOUD_EVENT_SOURCE":"projects/question-support/locations/us-central1/functions/addQuestionId"},"runtime":"nodejs18","maxInstances":3000,"ingressSettings":"ALLOW_ALL","buildId":"c001cee5-4147-41e9-9b83-501f5de3c6d4","buildEnvironmentVariables":{"GOOGLE_NODE_RUN_SCRIPTS":""},"buildName":"projects/4878361862/locations/us-central1/builds/c001cee5-4147-41e9-9b83-501f5de3c6d4","dockerRegistry":"ARTIFACT_REGISTRY","automaticUpdatePolicy":{},"buildServiceAccount":"projects/question-support/serviceAccounts/4878361862-compute@developer.gserviceaccount.com"},"versionId":"2","updateTime":"2025-05-21T12:36:42Z","buildId":"fdc6e43e-856b-487a-a110-0c93a6a8e081","buildName":"projects/4878361862/locations/us-central1/builds/fdc6e43e-856b-487a-a110-0c93a6a8e081"}}
[debug] [2025-05-21T12:36:52.296Z] [update-default-us-central1-addQuestionId] Retrying task index 0
[debug] [2025-05-21T12:36:52.297Z] Checked if tokens are valid: true, expires at: 1747834114637
[debug] [2025-05-21T12:36:52.297Z] Checked if tokens are valid: true, expires at: 1747834114637
[debug] [2025-05-21T12:36:52.297Z] >>> [apiv2][query] GET https://cloudfunctions.googleapis.com/v1/operations/cXVlc3Rpb24tc3VwcG9ydC91cy1jZW50cmFsMS9hZGRRdWVzdGlvbklkL1pXUmZVbXdyR1hv [none]
[debug] [2025-05-21T12:36:52.695Z] <<< [apiv2][status] GET https://cloudfunctions.googleapis.com/v1/operations/cXVlc3Rpb24tc3VwcG9ydC91cy1jZW50cmFsMS9hZGRRdWVzdGlvbklkL1pXUmZVbXdyR1hv 200
[debug] [2025-05-21T12:36:52.695Z] <<< [apiv2][body] GET https://cloudfunctions.googleapis.com/v1/operations/cXVlc3Rpb24tc3VwcG9ydC91cy1jZW50cmFsMS9hZGRRdWVzdGlvbklkL1pXUmZVbXdyR1hv {"name":"operations/cXVlc3Rpb24tc3VwcG9ydC91cy1jZW50cmFsMS9hZGRRdWVzdGlvbklkL1pXUmZVbXdyR1hv","metadata":{"@type":"type.googleapis.com/google.cloud.functions.v1.OperationMetadataV1","target":"projects/question-support/locations/us-central1/functions/addQuestionId","type":"UPDATE_FUNCTION","request":{"@type":"type.googleapis.com/google.cloud.functions.v1.CloudFunction","name":"projects/question-support/locations/us-central1/functions/addQuestionId","eventTrigger":{"eventType":"providers/cloud.firestore/eventTypes/document.create","resource":"projects/question-support/databases/(default)/documents/questions/{docId}","service":"firestore.googleapis.com"},"status":"OFFLINE","entryPoint":"addQuestionId","timeout":"60s","availableMemoryMb":256,"serviceAccountEmail":"question-support@appspot.gserviceaccount.com","updateTime":"2025-05-21T12:33:34.008Z","versionId":"1","labels":{"deployment-tool":"cli-firebase","firebase-functions-hash":"0d139a11c4c61d30fbc736ad713b7db596e96a5b"},"sourceUploadUrl":"https://storage.googleapis.com/uploads-465932626544.us-central1.cloudfunctions.appspot.com/299ecbdf-ccb4-4168-8ffe-5671fe768423.zip?GoogleAccessId=service-4878361862@gcf-admin-robot.iam.gserviceaccount.com&Expires=1747832800&Signature=MvDAE7%2FV4oET9relTxh8lLThD9PLQQffIIWwOUXIyNYVNAo%2Bt2BzrMx9vpfPCQPRp8UKIDBTxMDpVAAMMx7eMdVxZ61jgkRD0rHhEF2uvHs8pQ3nXQU2mP%2B16HoY6RcL8sA0fWvjdvskJxQaU5sXx2SBlj%2FQOkS3bNF3WoUOEnFZJZYPEWMaUOdNNumkUCaXwTv7YxsOnktQXq4bT3U5ph%2F02NsSaAgQUqkpiSxWYR%2BTqfX92DV4BPNLKpX0kADkhuiN5ITFMGkbg2n3e7A9bqIJjZ167x3dB4a7PvuvZnEyBLLDFhBC1VreLu1Dy5RzxiixfA3nyb0pUyDDkOuD6w%3D%3D","environmentVariables":{"FIREBASE_CONFIG":"{\"projectId\":\"question-support\",\"storageBucket\":\"question-support.firebasestorage.app\"}","GCLOUD_PROJECT":"question-support","EVENTARC_CLOUD_EVENT_SOURCE":"projects/question-support/locations/us-central1/functions/addQuestionId"},"runtime":"nodejs18","maxInstances":3000,"ingressSettings":"ALLOW_ALL","buildId":"c001cee5-4147-41e9-9b83-501f5de3c6d4","buildEnvironmentVariables":{"GOOGLE_NODE_RUN_SCRIPTS":""},"buildName":"projects/4878361862/locations/us-central1/builds/c001cee5-4147-41e9-9b83-501f5de3c6d4","dockerRegistry":"ARTIFACT_REGISTRY","automaticUpdatePolicy":{},"buildServiceAccount":"projects/question-support/serviceAccounts/4878361862-compute@developer.gserviceaccount.com"},"versionId":"2","updateTime":"2025-05-21T12:36:42Z","buildId":"fdc6e43e-856b-487a-a110-0c93a6a8e081","buildName":"projects/4878361862/locations/us-central1/builds/fdc6e43e-856b-487a-a110-0c93a6a8e081"}}
